<?xml version="1.0" encoding="UTF-8"?>
<!-- Generated by org.testng.reporters.JUnitReportReporter -->
<testsuite hostname="Laptop" failures="0" tests="5" name="testCases.TC003_LoginDDT" time="35.965" errors="0" timestamp="2025-03-20T00:34:47 IST" skipped="0">
  <testcase classname="testCases.TC003_LoginDDT" name="verifyLoginDDT" time="1.786"/>
  <testcase classname="testCases.TC003_LoginDDT" name="verifyLoginDDT" time="10.702"/>
  <testcase classname="testCases.TC003_LoginDDT" name="verifyLoginDDT" time="10.650"/>
  <testcase classname="testCases.TC003_LoginDDT" name="verifyLoginDDT" time="11.056"/>
  <testcase classname="testCases.TC003_LoginDDT" name="verifyLoginDDT" time="1.771"/>
</testsuite> <!-- testCases.TC003_LoginDDT -->
