<?xml version="1.0" encoding="UTF-8"?>
<!-- Generated by org.testng.reporters.JUnitReportReporter -->
<testsuite hostname="Laptop" failures="0" tests="1" name="testCases.TC002_LoginTest" time="2.112" errors="0" timestamp="2025-03-21T01:16:53 IST" skipped="0">
  <testcase classname="testCases.TC002_LoginTest" name="verifyLogin" time="2.112"/>
</testsuite> <!-- testCases.TC002_LoginTest -->
