<?xml version="1.0" encoding="UTF-8"?>
<!-- Generated by org.testng.reporters.JUnitReportReporter -->
<testsuite hostname="Laptop" failures="0" tests="1" name="testCases.TC001_AccountRegistrationTest" time="4.859" errors="0" timestamp="2025-03-19T01:05:07 IST" skipped="0">
  <testcase classname="testCases.TC001_AccountRegistrationTest" name="verify_account_registration" time="4.859"/>
</testsuite> <!-- testCases.TC001_AccountRegistrationTest -->
